<?xml version="1.0" encoding="UTF-8"?>
<!-- Generated by org.testng.reporters.JUnitReportReporter -->
<testsuite hostname="Praveen" failures="0" tests="1" name="TestCases.SignUpPageTest" time="5.027" errors="0" timestamp="2023-11-16T13:21:32 IST" skipped="0">
  <testcase classname="TestCases.SignUpPageTest" name="signUpTestcase" time="5.027"/>
  <system-out/>
</testsuite> <!-- TestCases.SignUpPageTest -->
