<?xml version="1.0" encoding="UTF-8"?>
<!-- Generated by org.testng.reporters.JUnitReportReporter -->
<testsuite hostname="Praveen" failures="0" tests="1" name="TestCases.LoginpageTest" time="50.114" errors="0" timestamp="2023-11-16T18:21:45 IST" skipped="0">
  <testcase classname="TestCases.LoginpageTest" name="loginTestcase" time="50.114"/>
  <system-out/>
</testsuite> <!-- TestCases.LoginpageTest -->
