<?xml version="1.0" encoding="UTF-8"?>
<!-- Generated by org.testng.reporters.JUnitReportReporter -->
<testsuite hostname="Praveen" failures="0" tests="7" name="pages.SignUpPage" time="22.081" errors="0" timestamp="2023-11-14T20:09:34 IST" skipped="0">
  <testcase classname="pages.SignUpPage" name="launchApp" time="20.351"/>
  <system-out/>
  <testcase classname="pages.SignUpPage" name="clickonSignUp" time="1.209"/>
  <system-out/>
  <testcase classname="pages.SignUpPage" name="enterFirstName" time="0.093"/>
  <system-out/>
  <testcase classname="pages.SignUpPage" name="enterlastname" time="0.091"/>
  <system-out/>
  <testcase classname="pages.SignUpPage" name="enterEmailID" time="0.114"/>
  <system-out/>
  <testcase classname="pages.SignUpPage" name="entercontactnum" time="0.121"/>
  <system-out/>
  <testcase classname="pages.SignUpPage" name="enterPassword" time="0.102"/>
  <system-out/>
</testsuite> <!-- pages.SignUpPage -->
