<?xml version="1.0" encoding="UTF-8"?>
<!-- Generated by org.testng.reporters.JUnitReportReporter -->
<testsuite hostname="Praveen" failures="0" tests="1" name="pages.LaunchApp" time="25.263" errors="0" timestamp="2023-11-14T19:01:18 IST" skipped="0">
  <testcase classname="pages.LaunchApp" name="launchAPP" time="25.263"/>
  <system-out/>
</testsuite> <!-- pages.LaunchApp -->
